0 info it worked if it ends with ok
1 verbose cli [ '/usr/bin/node', '/usr/bin/npm', 'install', '-g', 'spot' ]
2 info using npm@1.4.28
3 info using node@v0.10.40
4 verbose node symlink /usr/bin/node
5 verbose cache add [ 'spot', null ]
6 verbose cache add name=undefined spec="spot" args=["spot",null]
7 verbose parsed url { protocol: null,
7 verbose parsed url   slashes: null,
7 verbose parsed url   auth: null,
7 verbose parsed url   host: null,
7 verbose parsed url   port: null,
7 verbose parsed url   hostname: null,
7 verbose parsed url   hash: null,
7 verbose parsed url   search: null,
7 verbose parsed url   query: null,
7 verbose parsed url   pathname: 'spot',
7 verbose parsed url   path: 'spot',
7 verbose parsed url   href: 'spot' }
8 silly lockFile 9f4b5271-spot spot
9 verbose lock spot /home/komakino/.npm/9f4b5271-spot.lock
10 silly lockFile 9f4b5271-spot spot
11 silly lockFile 9f4b5271-spot spot
12 verbose addNamed [ 'spot', '' ]
13 verbose addNamed [ null, '*' ]
14 silly lockFile 7ff40fb6-spot spot@
15 verbose lock spot@ /home/komakino/.npm/7ff40fb6-spot.lock
16 silly addNameRange { name: 'spot', range: '*', hasData: false }
17 verbose request where is /spot
18 verbose request registry https://registry.npmjs.org/
19 verbose request id 9d5ed25f75bb03ab
20 verbose url raw /spot
21 verbose url resolving [ 'https://registry.npmjs.org/', './spot' ]
22 verbose url resolved https://registry.npmjs.org/spot
23 verbose request where is https://registry.npmjs.org/spot
24 info trying registry request attempt 1 at 19:03:05
25 http GET https://registry.npmjs.org/spot
26 http 200 https://registry.npmjs.org/spot
27 silly registry.get cb [ 200,
27 silly registry.get   { server: 'CouchDB/1.5.0 (Erlang OTP/R16B03)',
27 silly registry.get     etag: '"8AER744IFL8HX72LTMCKNP8Q9"',
27 silly registry.get     'content-type': 'application/json',
27 silly registry.get     'cache-control': 'max-age=60',
27 silly registry.get     'content-length': '5077',
27 silly registry.get     'accept-ranges': 'bytes',
27 silly registry.get     date: 'Thu, 27 Aug 2015 17:03:06 GMT',
27 silly registry.get     via: '1.1 varnish',
27 silly registry.get     age: '0',
27 silly registry.get     connection: 'keep-alive',
27 silly registry.get     'x-served-by': 'cache-fra1231-FRA',
27 silly registry.get     'x-cache': 'MISS',
27 silly registry.get     'x-cache-hits': '0',
27 silly registry.get     'x-timer': 'S1440694985.989183,VS0,VE103',
27 silly registry.get     vary: 'Accept' } ]
28 silly addNameRange number 2 { name: 'spot', range: '*', hasData: true }
29 silly addNameRange versions [ 'spot', [ '0.1.0', '0.1.1', '0.2.0' ] ]
30 verbose addNamed [ 'spot', '0.2.0' ]
31 verbose addNamed [ '0.2.0', '0.2.0' ]
32 silly lockFile f7353e09-spot-0-2-0 spot@0.2.0
33 verbose lock spot@0.2.0 /home/komakino/.npm/f7353e09-spot-0-2-0.lock
34 silly lockFile 18134e3f-ry-npmjs-org-spot-spot-0-2-0-tgz https://registry.npmjs.org/spot/-/spot-0.2.0.tgz
35 verbose lock https://registry.npmjs.org/spot/-/spot-0.2.0.tgz /home/komakino/.npm/18134e3f-ry-npmjs-org-spot-spot-0-2-0-tgz.lock
36 verbose addRemoteTarball [ 'https://registry.npmjs.org/spot/-/spot-0.2.0.tgz',
36 verbose addRemoteTarball   '7360789dcced01f807dc1db6dd04436c6c1dd6bc' ]
37 info retry fetch attempt 1 at 19:03:06
38 verbose fetch to= /tmp/npm-5511-EVXO9scw/registry.npmjs.org/spot/-/spot-0.2.0.tgz
39 http GET https://registry.npmjs.org/spot/-/spot-0.2.0.tgz
40 http 200 https://registry.npmjs.org/spot/-/spot-0.2.0.tgz
41 silly lockFile 18134e3f-ry-npmjs-org-spot-spot-0-2-0-tgz https://registry.npmjs.org/spot/-/spot-0.2.0.tgz
42 silly lockFile 18134e3f-ry-npmjs-org-spot-spot-0-2-0-tgz https://registry.npmjs.org/spot/-/spot-0.2.0.tgz
43 silly lockFile f7353e09-spot-0-2-0 spot@0.2.0
44 silly lockFile f7353e09-spot-0-2-0 spot@0.2.0
45 silly lockFile 7ff40fb6-spot spot@
46 silly lockFile 7ff40fb6-spot spot@
47 silly resolved [ { name: 'spot',
47 silly resolved     version: '0.2.0',
47 silly resolved     description: 'file grep/search utility with good defaults',
47 silly resolved     bin: { spot: './spot.sh' },
47 silly resolved     install: 'make install',
47 silly resolved     gitHead: '650f5a6d056efc1f2f2452de66074ecef5410baa',
47 silly resolved     _id: 'spot@0.2.0',
47 silly resolved     scripts: {},
47 silly resolved     _shasum: '7360789dcced01f807dc1db6dd04436c6c1dd6bc',
47 silly resolved     _from: 'spot@',
47 silly resolved     _npmVersion: '1.4.21',
47 silly resolved     _npmUser: { name: 'rauchg', email: 'rauchg@gmail.com' },
47 silly resolved     maintainers: [ [Object] ],
47 silly resolved     dist:
47 silly resolved      { shasum: '7360789dcced01f807dc1db6dd04436c6c1dd6bc',
47 silly resolved        tarball: 'http://registry.npmjs.org/spot/-/spot-0.2.0.tgz' },
47 silly resolved     directories: {},
47 silly resolved     _resolved: 'https://registry.npmjs.org/spot/-/spot-0.2.0.tgz' } ]
48 info install spot@0.2.0 into /usr/lib
49 info installOne spot@0.2.0
50 verbose lib/node_modules/spot unbuild
51 verbose tar unpack /home/komakino/.npm/spot/0.2.0/package.tgz
52 silly lockFile f72a1d48-tar-usr-lib-node-modules-spot tar:///usr/lib/node_modules/spot
53 verbose lock tar:///usr/lib/node_modules/spot /home/komakino/.npm/f72a1d48-tar-usr-lib-node-modules-spot.lock
54 silly lockFile 1c2ba93a-akino-npm-spot-0-2-0-package-tgz tar:///home/komakino/.npm/spot/0.2.0/package.tgz
55 verbose lock tar:///home/komakino/.npm/spot/0.2.0/package.tgz /home/komakino/.npm/1c2ba93a-akino-npm-spot-0-2-0-package-tgz.lock
56 silly gunzTarPerm modes [ '775', '664' ]
57 error Error: EACCES, mkdir '/usr/lib/node_modules/spot'
57 error  { [Error: EACCES, mkdir '/usr/lib/node_modules/spot']
57 error   errno: 3,
57 error   code: 'EACCES',
57 error   path: '/usr/lib/node_modules/spot',
57 error   fstream_type: 'Directory',
57 error   fstream_path: '/usr/lib/node_modules/spot',
57 error   fstream_class: 'DirWriter',
57 error   fstream_stack:
57 error    [ '/usr/lib/node_modules/npm/node_modules/fstream/lib/dir-writer.js:36:23',
57 error      '/usr/lib/node_modules/npm/node_modules/mkdirp/index.js:46:53',
57 error      'Object.oncomplete (fs.js:108:15)' ] }
58 error Please try running this command again as root/Administrator.
59 error System Linux 3.13.0-62-generic
60 error command "/usr/bin/node" "/usr/bin/npm" "install" "-g" "spot"
61 error cwd /home/komakino/projects/cards
62 error node -v v0.10.40
63 error npm -v 1.4.28
64 error path /usr/lib/node_modules/spot
65 error fstream_path /usr/lib/node_modules/spot
66 error fstream_type Directory
67 error fstream_class DirWriter
68 error code EACCES
69 error errno 3
70 error stack Error: EACCES, mkdir '/usr/lib/node_modules/spot'
71 error fstream_stack /usr/lib/node_modules/npm/node_modules/fstream/lib/dir-writer.js:36:23
71 error fstream_stack /usr/lib/node_modules/npm/node_modules/mkdirp/index.js:46:53
71 error fstream_stack Object.oncomplete (fs.js:108:15)
72 verbose exit [ 3, true ]
